0 info it worked if it ends with ok
1 verbose cli [ '/usr/lib/node-v6.9.1-linux-x64/bin/node',
1 verbose cli   '/usr/bin/npm',
1 verbose cli   'install',
1 verbose cli   'https://git-wip-us.apache.org/repos/asf/cordova-plugin-geolocation.git',
1 verbose cli   '--production',
1 verbose cli   '--save' ]
2 info using npm@3.10.8
3 info using node@v6.9.1
4 silly loadCurrentTree Starting
5 silly install loadCurrentTree
6 silly install readLocalPackageData
7 silly fetchPackageMetaData https://git-wip-us.apache.org/repos/asf/cordova-plugin-geolocation.git
8 silly fetchOtherPackageData https://git-wip-us.apache.org/repos/asf/cordova-plugin-geolocation.git
9 silly cache add args [ 'https://git-wip-us.apache.org/repos/asf/cordova-plugin-geolocation.git',
9 silly cache add   null ]
10 verbose cache add spec https://git-wip-us.apache.org/repos/asf/cordova-plugin-geolocation.git
11 silly cache add parsed spec Result {
11 silly cache add   raw: 'https://git-wip-us.apache.org/repos/asf/cordova-plugin-geolocation.git',
11 silly cache add   scope: null,
11 silly cache add   escapedName: null,
11 silly cache add   name: null,
11 silly cache add   rawSpec: 'https://git-wip-us.apache.org/repos/asf/cordova-plugin-geolocation.git',
11 silly cache add   spec: 'https://git-wip-us.apache.org/repos/asf/cordova-plugin-geolocation.git',
11 silly cache add   type: 'remote' }
12 silly mapToRegistry name https://git-wip-us.apache.org/repos/asf/cordova-plugin-geolocation.git
13 silly mapToRegistry using default registry
14 silly mapToRegistry registry https://registry.npmjs.org/
15 silly mapToRegistry data Result {
15 silly mapToRegistry   raw: 'https://git-wip-us.apache.org/repos/asf/cordova-plugin-geolocation.git',
15 silly mapToRegistry   scope: null,
15 silly mapToRegistry   escapedName: null,
15 silly mapToRegistry   name: null,
15 silly mapToRegistry   rawSpec: 'https://git-wip-us.apache.org/repos/asf/cordova-plugin-geolocation.git',
15 silly mapToRegistry   spec: 'https://git-wip-us.apache.org/repos/asf/cordova-plugin-geolocation.git',
15 silly mapToRegistry   type: 'remote' }
16 silly mapToRegistry uri https://git-wip-us.apache.org/repos/asf/cordova-plugin-geolocation.git
17 verbose addRemoteTarball https://git-wip-us.apache.org/repos/asf/cordova-plugin-geolocation.git not in flight; adding
18 verbose addRemoteTarball [ 'https://git-wip-us.apache.org/repos/asf/cordova-plugin-geolocation.git',
18 verbose addRemoteTarball   null ]
19 info retry fetch attempt 1 at 5:44:34 PM
20 info attempt registry request try #1 at 5:44:34 PM
21 http fetch GET https://git-wip-us.apache.org/repos/asf/cordova-plugin-geolocation.git
22 verbose request id 4112f13a96d397e6
23 http fetch 404 https://git-wip-us.apache.org/repos/asf/cordova-plugin-geolocation.git
24 error fetch failed https://git-wip-us.apache.org/repos/asf/cordova-plugin-geolocation.git
25 warn retry will retry, error on last attempt: Error: fetch failed with status code 404
26 info retry fetch attempt 2 at 5:44:45 PM
27 info attempt registry request try #1 at 5:44:45 PM
28 http fetch GET https://git-wip-us.apache.org/repos/asf/cordova-plugin-geolocation.git
29 http fetch 404 https://git-wip-us.apache.org/repos/asf/cordova-plugin-geolocation.git
30 error fetch failed https://git-wip-us.apache.org/repos/asf/cordova-plugin-geolocation.git
31 warn retry will retry, error on last attempt: Error: fetch failed with status code 404
32 info retry fetch attempt 3 at 5:45:46 PM
33 info attempt registry request try #1 at 5:45:46 PM
34 http fetch GET https://git-wip-us.apache.org/repos/asf/cordova-plugin-geolocation.git
35 http fetch 404 https://git-wip-us.apache.org/repos/asf/cordova-plugin-geolocation.git
36 error fetch failed https://git-wip-us.apache.org/repos/asf/cordova-plugin-geolocation.git
37 silly fetchPackageMetaData Error: fetch failed with status code 404
37 silly fetchPackageMetaData     at Request.<anonymous> (/usr/lib/node-v6.9.1-linux-x64/lib/node_modules/npm/node_modules/npm-registry-client/lib/fetch.js:51:14)
37 silly fetchPackageMetaData     at emitOne (events.js:96:13)
37 silly fetchPackageMetaData     at Request.emit (events.js:188:7)
37 silly fetchPackageMetaData     at Request.onRequestResponse (/usr/lib/node-v6.9.1-linux-x64/lib/node_modules/npm/node_modules/request/request.js:954:10)
37 silly fetchPackageMetaData     at emitOne (events.js:96:13)
37 silly fetchPackageMetaData     at ClientRequest.emit (events.js:188:7)
37 silly fetchPackageMetaData     at HTTPParser.parserOnIncomingClient [as onIncoming] (_http_client.js:474:21)
37 silly fetchPackageMetaData     at HTTPParser.parserOnHeadersComplete (_http_common.js:99:23)
37 silly fetchPackageMetaData     at TLSSocket.socketOnData (_http_client.js:363:20)
37 silly fetchPackageMetaData     at emitOne (events.js:96:13)
37 silly fetchPackageMetaData  error for https://git-wip-us.apache.org/repos/asf/cordova-plugin-geolocation.git Error: fetch failed with status code 404
37 silly fetchPackageMetaData     at Request.<anonymous> (/usr/lib/node-v6.9.1-linux-x64/lib/node_modules/npm/node_modules/npm-registry-client/lib/fetch.js:51:14)
37 silly fetchPackageMetaData     at emitOne (events.js:96:13)
37 silly fetchPackageMetaData     at Request.emit (events.js:188:7)
37 silly fetchPackageMetaData     at Request.onRequestResponse (/usr/lib/node-v6.9.1-linux-x64/lib/node_modules/npm/node_modules/request/request.js:954:10)
37 silly fetchPackageMetaData     at emitOne (events.js:96:13)
37 silly fetchPackageMetaData     at ClientRequest.emit (events.js:188:7)
37 silly fetchPackageMetaData     at HTTPParser.parserOnIncomingClient [as onIncoming] (_http_client.js:474:21)
37 silly fetchPackageMetaData     at HTTPParser.parserOnHeadersComplete (_http_common.js:99:23)
37 silly fetchPackageMetaData     at TLSSocket.socketOnData (_http_client.js:363:20)
37 silly fetchPackageMetaData     at emitOne (events.js:96:13)
38 silly rollbackFailedOptional Starting
39 silly rollbackFailedOptional Finishing
40 silly runTopLevelLifecycles Finishing
41 silly install printInstalled
42 verbose stack Error: fetch failed with status code 404
42 verbose stack     at Request.<anonymous> (/usr/lib/node-v6.9.1-linux-x64/lib/node_modules/npm/node_modules/npm-registry-client/lib/fetch.js:51:14)
42 verbose stack     at emitOne (events.js:96:13)
42 verbose stack     at Request.emit (events.js:188:7)
42 verbose stack     at Request.onRequestResponse (/usr/lib/node-v6.9.1-linux-x64/lib/node_modules/npm/node_modules/request/request.js:954:10)
42 verbose stack     at emitOne (events.js:96:13)
42 verbose stack     at ClientRequest.emit (events.js:188:7)
42 verbose stack     at HTTPParser.parserOnIncomingClient [as onIncoming] (_http_client.js:474:21)
42 verbose stack     at HTTPParser.parserOnHeadersComplete (_http_common.js:99:23)
42 verbose stack     at TLSSocket.socketOnData (_http_client.js:363:20)
42 verbose stack     at emitOne (events.js:96:13)
43 verbose cwd /home/users/inf/wiaw2/iaw8799345/proyecto/HelloWorld
44 error Linux 4.11.12-100.fc24.x86_64
45 error argv "/usr/lib/node-v6.9.1-linux-x64/bin/node" "/usr/bin/npm" "install" "https://git-wip-us.apache.org/repos/asf/cordova-plugin-geolocation.git" "--production" "--save"
46 error node v6.9.1
47 error npm  v3.10.8
48 error fetch failed with status code 404
49 error If you need help, you may report this error at:
49 error     <https://github.com/npm/npm/issues>
50 verbose exit [ 1, true ]
